# JRE version: OpenJDK Runtime Environment Temurin-21.0.10+7 (21.0.10+7) (build 21.0.10+7-LTS)
# Java VM: OpenJDK 64-Bit Server VM Temurin-21.0.10+7 (21.0.10+7-LTS, mixed mode, sharing, tiered, compressed oops, compressed class ptrs, parallel gc, windows-amd64)
GC Precious Log:
 CardTable entry size: 512
 CPUs: 16 total, 16 available
 Memory: 32614M
 Large Page Support: Disabled
 NUMA Support: Disabled
 Compressed Oops: Enabled (32-bit)
 Alignments: Space 512K, Generation 512K, Heap 2M
 Heap Min Capacity: 100M
 Heap Initial Capacity: 100M
 Heap Max Capacity: 2G
 Pre-touch: Disabled
 Parallel Workers: 13
Heap:
 PSYoungGen      total 2560K, used 2276K [0x00000000d5580000, 0x00000000d5980000, 0x0000000100000000)
  eden space 2048K, 92% used [0x00000000d5580000,0x00000000d5759250,0x00000000d5780000)
  from space 512K, 75% used [0x00000000d5780000,0x00000000d57e0000,0x00000000d5800000)
  to   space 1024K, 0% used [0x00000000d5880000,0x00000000d5880000,0x00000000d5980000)
 ParOldGen       total 863232K, used 863003K [0x0000000080000000, 0x00000000b4b00000, 0x00000000d5580000)
  object space 863232K, 99% used [0x0000000080000000,0x00000000b4ac6d80,0x00000000b4b00000)
 Metaspace       used 84070K, committed 85632K, reserved 1179648K
  class space    used 8934K, committed 9664K, reserved 1048576K
GC Heap History (20 events):
Event: 2040.529 GC heap before
{Heap before GC invocations=11959 (full 10):
 PSYoungGen      total 3072K, used 3053K [0x00000000d5580000, 0x00000000d5d00000, 0x0000000100000000)
  eden space 2048K, 100% used [0x00000000d5580000,0x00000000d5780000,0x00000000d5780000)
  from space 1024K, 98% used [0x00000000d5780000,0x00000000d587b680,0x00000000d5880000)
  to   space 2560K, 0% used [0x00000000d5a80000,0x00000000d5a80000,0x00000000d5d00000)
 ParOldGen       total 856064K, used 855901K [0x0000000080000000, 0x00000000b4400000, 0x00000000d5580000)
  object space 856064K, 99% used [0x0000000080000000,0x00000000b43d74a0,0x00000000b4400000)
 Metaspace       used 84049K, committed 85632K, reserved 1179648K
  class space    used 8934K, committed 9664K, reserved 1048576K
}
Event: 2040.531 GC heap after
{Heap after GC invocations=11959 (full 10):
 PSYoungGen      total 3584K, used 1079K [0x00000000d5580000, 0x00000000d5c00000, 0x0000000100000000)
  eden space 2048K, 0% used [0x00000000d5580000,0x00000000d5580000,0x00000000d5780000)
  from space 1536K, 70% used [0x00000000d5a80000,0x00000000d5b8dd20,0x00000000d5c00000)
  to   space 1536K, 0% used [0x00000000d5900000,0x00000000d5900000,0x00000000d5a80000)
 ParOldGen       total 857088K, used 856959K [0x0000000080000000, 0x00000000b4500000, 0x00000000d5580000)
  object space 857088K, 99% used [0x0000000080000000,0x00000000b44dfda0,0x00000000b4500000)
 Metaspace       used 84049K, committed 85632K, reserved 1179648K
  class space    used 8934K, committed 9664K, reserved 1048576K
}
Event: 2040.602 GC heap before
{Heap before GC invocations=11960 (full 10):
 PSYoungGen      total 3584K, used 3127K [0x00000000d5580000, 0x00000000d5c00000, 0x0000000100000000)
  eden space 2048K, 99% used [0x00000000d5580000,0x00000000d577ffc8,0x00000000d5780000)
  from space 1536K, 70% used [0x00000000d5a80000,0x00000000d5b8dd20,0x00000000d5c00000)
  to   space 1536K, 0% used [0x00000000d5900000,0x00000000d5900000,0x00000000d5a80000)
 ParOldGen       total 857088K, used 856959K [0x0000000080000000, 0x00000000b4500000, 0x00000000d5580000)
  object space 857088K, 99% used [0x0000000080000000,0x00000000b44dfda0,0x00000000b4500000)
 Metaspace       used 84049K, committed 85632K, reserved 1179648K
  class space    used 8934K, committed 9664K, reserved 1048576K
}
Event: 2040.605 GC heap after
{Heap after GC invocations=11960 (full 10):
 PSYoungGen      total 3072K, used 704K [0x00000000d5580000, 0x00000000d5b00000, 0x0000000100000000)
  eden space 2048K, 0% used [0x00000000d5580000,0x00000000d5580000,0x00000000d5780000)
  from space 1024K, 68% used [0x00000000d5900000,0x00000000d59b0000,0x00000000d5a00000)
  to   space 1024K, 0% used [0x00000000d5a00000,0x00000000d5a00000,0x00000000d5b00000)
 ParOldGen       total 858112K, used 857852K [0x0000000080000000, 0x00000000b4600000, 0x00000000d5580000)
  object space 858112K, 99% used [0x0000000080000000,0x00000000b45bf280,0x00000000b4600000)
 Metaspace       used 84049K, committed 85632K, reserved 1179648K
  class space    used 8934K, committed 9664K, reserved 1048576K
}
Event: 2040.737 GC heap before
{Heap before GC invocations=11961 (full 10):
 PSYoungGen      total 3072K, used 2752K [0x00000000d5580000, 0x00000000d5b00000, 0x0000000100000000)
  eden space 2048K, 100% used [0x00000000d5580000,0x00000000d5780000,0x00000000d5780000)
  from space 1024K, 68% used [0x00000000d5900000,0x00000000d59b0000,0x00000000d5a00000)
  to   space 1024K, 0% used [0x00000000d5a00000,0x00000000d5a00000,0x00000000d5b00000)
 ParOldGen       total 858112K, used 857852K [0x0000000080000000, 0x00000000b4600000, 0x00000000d5580000)
  object space 858112K, 99% used [0x0000000080000000,0x00000000b45bf280,0x00000000b4600000)
 Metaspace       used 84049K, committed 85632K, reserved 1179648K
  class space    used 8934K, committed 9664K, reserved 1048576K
}
Event: 2040.739 GC heap after
{Heap after GC invocations=11961 (full 10):
 PSYoungGen      total 3072K, used 1024K [0x00000000d5580000, 0x00000000d5b80000, 0x0000000100000000)
  eden space 2048K, 0% used [0x00000000d5580000,0x00000000d5580000,0x00000000d5780000)
  from space 1024K, 100% used [0x00000000d5a00000,0x00000000d5b00000,0x00000000d5b00000)
  to   space 2048K, 0% used [0x00000000d5780000,0x00000000d5780000,0x00000000d5980000)
 ParOldGen       total 858624K, used 858472K [0x0000000080000000, 0x00000000b4680000, 0x00000000d5580000)
  object space 858624K, 99% used [0x0000000080000000,0x00000000b465a1e8,0x00000000b4680000)
 Metaspace       used 84049K, committed 85632K, reserved 1179648K
  class space    used 8934K, committed 9664K, reserved 1048576K
}
Event: 2040.753 GC heap before
{Heap before GC invocations=11962 (full 10):
 PSYoungGen      total 3072K, used 3072K [0x00000000d5580000, 0x00000000d5b80000, 0x0000000100000000)
  eden space 2048K, 100% used [0x00000000d5580000,0x00000000d5780000,0x00000000d5780000)
  from space 1024K, 100% used [0x00000000d5a00000,0x00000000d5b00000,0x00000000d5b00000)
  to   space 2048K, 0% used [0x00000000d5780000,0x00000000d5780000,0x00000000d5980000)
 ParOldGen       total 858624K, used 858472K [0x0000000080000000, 0x00000000b4680000, 0x00000000d5580000)
  object space 858624K, 99% used [0x0000000080000000,0x00000000b465a1e8,0x00000000b4680000)
 Metaspace       used 84049K, committed 85632K, reserved 1179648K
  class space    used 8934K, committed 9664K, reserved 1048576K
}
Event: 2040.755 GC heap after
{Heap after GC invocations=11962 (full 10):
 PSYoungGen      total 3584K, used 1426K [0x00000000d5580000, 0x00000000d5a80000, 0x0000000100000000)
  eden space 2048K, 0% used [0x00000000d5580000,0x00000000d5580000,0x00000000d5780000)
  from space 1536K, 92% used [0x00000000d5780000,0x00000000d58e4808,0x00000000d5900000)
  to   space 1536K, 0% used [0x00000000d5900000,0x00000000d5900000,0x00000000d5a80000)
 ParOldGen       total 859136K, used 858916K [0x0000000080000000, 0x00000000b4700000, 0x00000000d5580000)
  object space 859136K, 99% used [0x0000000080000000,0x00000000b46c93f0,0x00000000b4700000)
 Metaspace       used 84049K, committed 85632K, reserved 1179648K
  class space    used 8934K, committed 9664K, reserved 1048576K
}
Event: 2040.820 GC heap before
{Heap before GC invocations=11963 (full 10):
 PSYoungGen      total 3584K, used 3226K [0x00000000d5580000, 0x00000000d5a80000, 0x0000000100000000)
  eden space 2048K, 87% used [0x00000000d5580000,0x00000000d5742178,0x00000000d5780000)
  from space 1536K, 92% used [0x00000000d5780000,0x00000000d58e4808,0x00000000d5900000)
  to   space 1536K, 0% used [0x00000000d5900000,0x00000000d5900000,0x00000000d5a80000)
 ParOldGen       total 859136K, used 858916K [0x0000000080000000, 0x00000000b4700000, 0x00000000d5580000)
  object space 859136K, 99% used [0x0000000080000000,0x00000000b46c93f0,0x00000000b4700000)
 Metaspace       used 84049K, committed 85632K, reserved 1179648K
  class space    used 8934K, committed 9664K, reserved 1048576K
}
Event: 2040.822 GC heap after
{Heap after GC invocations=11963 (full 10):
 PSYoungGen      total 3584K, used 832K [0x00000000d5580000, 0x00000000d5a80000, 0x0000000100000000)
  eden space 2048K, 0% used [0x00000000d5580000,0x00000000d5580000,0x00000000d5780000)
  from space 1536K, 54% used [0x00000000d5900000,0x00000000d59d0000,0x00000000d5a80000)
  to   space 1536K, 0% used [0x00000000d5780000,0x00000000d5780000,0x00000000d5900000)
 ParOldGen       total 859648K, used 859602K [0x0000000080000000, 0x00000000b4780000, 0x00000000d5580000)
  object space 859648K, 99% used [0x0000000080000000,0x00000000b4774aa8,0x00000000b4780000)
 Metaspace       used 84049K, committed 85632K, reserved 1179648K
  class space    used 8934K, committed 9664K, reserved 1048576K
}
Event: 2040.896 GC heap before
{Heap before GC invocations=11964 (full 10):
 PSYoungGen      total 3584K, used 2880K [0x00000000d5580000, 0x00000000d5a80000, 0x0000000100000000)
  eden space 2048K, 100% used [0x00000000d5580000,0x00000000d5780000,0x00000000d5780000)
  from space 1536K, 54% used [0x00000000d5900000,0x00000000d59d0000,0x00000000d5a80000)
  to   space 1536K, 0% used [0x00000000d5780000,0x00000000d5780000,0x00000000d5900000)
 ParOldGen       total 859648K, used 859602K [0x0000000080000000, 0x00000000b4780000, 0x00000000d5580000)
  object space 859648K, 99% used [0x0000000080000000,0x00000000b4774aa8,0x00000000b4780000)
 Metaspace       used 84049K, committed 85632K, reserved 1179648K
  class space    used 8934K, committed 9664K, reserved 1048576K
}
Event: 2040.897 GC heap after
{Heap after GC invocations=11964 (full 10):
 PSYoungGen      total 3584K, used 1362K [0x00000000d5580000, 0x00000000d5a80000, 0x0000000100000000)
  eden space 2048K, 0% used [0x00000000d5580000,0x00000000d5580000,0x00000000d5780000)
  from space 1536K, 88% used [0x00000000d5780000,0x00000000d58d4810,0x00000000d5900000)
  to   space 1536K, 0% used [0x00000000d5900000,0x00000000d5900000,0x00000000d5a80000)
 ParOldGen       total 860160K, used 860115K [0x0000000080000000, 0x00000000b4800000, 0x00000000d5580000)
  object space 860160K, 99% used [0x0000000080000000,0x00000000b47f4c28,0x00000000b4800000)
 Metaspace       used 84049K, committed 85632K, reserved 1179648K
  class space    used 8934K, committed 9664K, reserved 1048576K
}
Event: 2040.995 GC heap before
{Heap before GC invocations=11965 (full 10):
 PSYoungGen      total 3584K, used 3409K [0x00000000d5580000, 0x00000000d5a80000, 0x0000000100000000)
  eden space 2048K, 99% used [0x00000000d5580000,0x00000000d577ffe8,0x00000000d5780000)
  from space 1536K, 88% used [0x00000000d5780000,0x00000000d58d4810,0x00000000d5900000)
  to   space 1536K, 0% used [0x00000000d5900000,0x00000000d5900000,0x00000000d5a80000)
 ParOldGen       total 860160K, used 860115K [0x0000000080000000, 0x00000000b4800000, 0x00000000d5580000)
  object space 860160K, 99% used [0x0000000080000000,0x00000000b47f4c28,0x00000000b4800000)
 Metaspace       used 84049K, committed 85632K, reserved 1179648K
  class space    used 8934K, committed 9664K, reserved 1048576K
}
Event: 2040.997 GC heap after
{Heap after GC invocations=11965 (full 10):
 PSYoungGen      total 3072K, used 786K [0x00000000d5580000, 0x00000000d5a00000, 0x0000000100000000)
  eden space 2048K, 0% used [0x00000000d5580000,0x00000000d5580000,0x00000000d5780000)
  from space 1024K, 76% used [0x00000000d5900000,0x00000000d59c4808,0x00000000d5a00000)
  to   space 1024K, 0% used [0x00000000d5800000,0x00000000d5800000,0x00000000d5900000)
 ParOldGen       total 861696K, used 861294K [0x0000000080000000, 0x00000000b4980000, 0x00000000d5580000)
  object space 861696K, 99% used [0x0000000080000000,0x00000000b491b840,0x00000000b4980000)
 Metaspace       used 84049K, committed 85632K, reserved 1179648K
  class space    used 8934K, committed 9664K, reserved 1048576K
}
Event: 2041.096 GC heap before
{Heap before GC invocations=11966 (full 10):
 PSYoungGen      total 3072K, used 2834K [0x00000000d5580000, 0x00000000d5a00000, 0x0000000100000000)
  eden space 2048K, 100% used [0x00000000d5580000,0x00000000d5780000,0x00000000d5780000)
  from space 1024K, 76% used [0x00000000d5900000,0x00000000d59c4808,0x00000000d5a00000)
  to   space 1024K, 0% used [0x00000000d5800000,0x00000000d5800000,0x00000000d5900000)
 ParOldGen       total 861696K, used 861294K [0x0000000080000000, 0x00000000b4980000, 0x00000000d5580000)
  object space 861696K, 99% used [0x0000000080000000,0x00000000b491b840,0x00000000b4980000)
 Metaspace       used 84049K, committed 85632K, reserved 1179648K
  class space    used 8934K, committed 9664K, reserved 1048576K
}
Event: 2041.097 GC heap after
{Heap after GC invocations=11966 (full 10):
 PSYoungGen      total 3072K, used 704K [0x00000000d5580000, 0x00000000d5980000, 0x0000000100000000)
  eden space 2048K, 0% used [0x00000000d5580000,0x00000000d5580000,0x00000000d5780000)
  from space 1024K, 68% used [0x00000000d5800000,0x00000000d58b0000,0x00000000d5900000)
  to   space 512K, 0% used [0x00000000d5900000,0x00000000d5900000,0x00000000d5980000)
 ParOldGen       total 862208K, used 861877K [0x0000000080000000, 0x00000000b4a00000, 0x00000000d5580000)
  object space 862208K, 99% used [0x0000000080000000,0x00000000b49ad400,0x00000000b4a00000)
 Metaspace       used 84049K, committed 85632K, reserved 1179648K
  class space    used 8934K, committed 9664K, reserved 1048576K
}
Event: 2041.176 GC heap before
{Heap before GC invocations=11967 (full 10):
 PSYoungGen      total 3072K, used 2752K [0x00000000d5580000, 0x00000000d5980000, 0x0000000100000000)
  eden space 2048K, 100% used [0x00000000d5580000,0x00000000d5780000,0x00000000d5780000)
  from space 1024K, 68% used [0x00000000d5800000,0x00000000d58b0000,0x00000000d5900000)
  to   space 512K, 0% used [0x00000000d5900000,0x00000000d5900000,0x00000000d5980000)
 ParOldGen       total 862208K, used 861877K [0x0000000080000000, 0x00000000b4a00000, 0x00000000d5580000)
  object space 862208K, 99% used [0x0000000080000000,0x00000000b49ad400,0x00000000b4a00000)
 Metaspace       used 84049K, committed 85632K, reserved 1179648K
  class space    used 8934K, committed 9664K, reserved 1048576K
}
Event: 2041.178 GC heap after
{Heap after GC invocations=11967 (full 10):
 PSYoungGen      total 2560K, used 498K [0x00000000d5580000, 0x00000000d5a80000, 0x0000000100000000)
  eden space 2048K, 0% used [0x00000000d5580000,0x00000000d5580000,0x00000000d5780000)
  from space 512K, 97% used [0x00000000d5900000,0x00000000d597c808,0x00000000d5980000)
  to   space 1536K, 0% used [0x00000000d5780000,0x00000000d5780000,0x00000000d5900000)
 ParOldGen       total 862720K, used 862568K [0x0000000080000000, 0x00000000b4a80000, 0x00000000d5580000)
  object space 862720K, 99% used [0x0000000080000000,0x00000000b4a5a168,0x00000000b4a80000)
 Metaspace       used 84049K, committed 85632K, reserved 1179648K
  class space    used 8934K, committed 9664K, reserved 1048576K
}
Event: 2041.198 GC heap before
{Heap before GC invocations=11968 (full 10):
 PSYoungGen      total 2560K, used 2546K [0x00000000d5580000, 0x00000000d5a80000, 0x0000000100000000)
  eden space 2048K, 100% used [0x00000000d5580000,0x00000000d5780000,0x00000000d5780000)
  from space 512K, 97% used [0x00000000d5900000,0x00000000d597c808,0x00000000d5980000)
  to   space 1536K, 0% used [0x00000000d5780000,0x00000000d5780000,0x00000000d5900000)
 ParOldGen       total 862720K, used 862568K [0x0000000080000000, 0x00000000b4a80000, 0x00000000d5580000)
  object space 862720K, 99% used [0x0000000080000000,0x00000000b4a5a168,0x00000000b4a80000)
 Metaspace       used 84054K, committed 85632K, reserved 1179648K
  class space    used 8934K, committed 9664K, reserved 1048576K
}
Event: 2041.199 GC heap after
{Heap after GC invocations=11968 (full 10):
 PSYoungGen      total 2560K, used 384K [0x00000000d5580000, 0x00000000d5980000, 0x0000000100000000)
  eden space 2048K, 0% used [0x00000000d5580000,0x00000000d5580000,0x00000000d5780000)
  from space 512K, 75% used [0x00000000d5780000,0x00000000d57e0000,0x00000000d5800000)
  to   space 1024K, 0% used [0x00000000d5880000,0x00000000d5880000,0x00000000d5980000)
 ParOldGen       total 863232K, used 863003K [0x0000000080000000, 0x00000000b4b00000, 0x00000000d5580000)
  object space 863232K, 99% used [0x0000000080000000,0x00000000b4ac6d80,0x00000000b4b00000)
 Metaspace       used 84054K, committed 85632K, reserved 1179648K
  class space    used 8934K, committed 9664K, reserved 1048576K
}

